<?xml version="1.0" encoding="UTF-8"?>
<!-- Generated by org.testng.reporters.JUnitReportReporter -->
<testsuite hostname="DESKTOP-HOT6S4K" failures="0" tests="1" name="com.iNetBanking.testCases.TC_loginTest_001" time="16.134" errors="0" timestamp="2020-11-04T13:41:17 EST" skipped="0">
  <testcase classname="com.iNetBanking.testCases.TC_loginTest_001" name="loginTest" time="16.134"/>
  <system-out/>
</testsuite> <!-- com.iNetBanking.testCases.TC_loginTest_001 -->
