<?xml version="1.0" encoding="UTF-8"?>
<!-- Generated by org.testng.reporters.JUnitReportReporter -->
<testsuite skipped="0" hostname="DESKTOP-HOT6S4K" name="com.iNetBanking.testCases.TC_AddCustomerTest_003" tests="1" failures="0" timestamp="2020-11-06T09:30:16 EST" time="32.532" errors="0">
  <testcase name="addNewCustomer" time="32.532" classname="com.iNetBanking.testCases.TC_AddCustomerTest_003"/>
  <system-out/>
</testsuite> <!-- com.iNetBanking.testCases.TC_AddCustomerTest_003 -->
